  Actor.cpp
  Asteroid.cpp
  Game.cpp
  Laser.cpp
  Ship.cpp
  SpriteComponent.cpp
  코드를 생성하고 있습니다...
  Game.vcxproj -> C:\Users\user\Documents\GitHub\BulletHell\Chapter03\Debug\Game.exe
  C:\Users\user\Documents\GitHub\BulletHell\Chapter03\\..\external\SDL\lib\win\x86\libfreetype-6.dll
  C:\Users\user\Documents\GitHub\BulletHell\Chapter03\\..\external\SDL\lib\win\x86\libogg-0.dll
  C:\Users\user\Documents\GitHub\BulletHell\Chapter03\\..\external\SDL\lib\win\x86\libpng16-16.dll
  C:\Users\user\Documents\GitHub\BulletHell\Chapter03\\..\external\SDL\lib\win\x86\libvorbis-0.dll
  C:\Users\user\Documents\GitHub\BulletHell\Chapter03\\..\external\SDL\lib\win\x86\libvorbisfile-3.dll
  C:\Users\user\Documents\GitHub\BulletHell\Chapter03\\..\external\SDL\lib\win\x86\SDL2.dll
  C:\Users\user\Documents\GitHub\BulletHell\Chapter03\\..\external\SDL\lib\win\x86\SDL2_image.dll
  C:\Users\user\Documents\GitHub\BulletHell\Chapter03\\..\external\SDL\lib\win\x86\SDL2_mixer.dll
  C:\Users\user\Documents\GitHub\BulletHell\Chapter03\\..\external\SDL\lib\win\x86\SDL2_ttf.dll
  C:\Users\user\Documents\GitHub\BulletHell\Chapter03\\..\external\SDL\lib\win\x86\zlib1.dll
  10개 파일이 복사되었습니다.
  C:\Users\user\Documents\GitHub\BulletHell\Chapter03\\..\external\GLEW\lib\win\x86\glew32.dll
  1개 파일이 복사되었습니다.
